# JRE version: OpenJDK Runtime Environment (7.0_79-b14) (build 1.7.0_79-b14)
# Java VM: OpenJDK 64-Bit Server VM (24.79-b02 mixed mode linux-amd64 compressed oops)
Heap
 PSYoungGen      total 257536K, used 55205K [0x00000007d6e80000, 0x00000007fc600000, 0x0000000800000000)
  eden space 134656K, 0% used [0x00000007d6e80000,0x00000007d6e80000,0x00000007df200000)
  from space 122880K, 44% used [0x00000007df200000,0x00000007e27e9578,0x00000007e6a00000)
  to   space 196096K, 0% used [0x00000007f0680000,0x00000007f0680000,0x00000007fc600000)
 ParOldGen       total 406528K, used 406049K [0x0000000784c00000, 0x000000079d900000, 0x00000007d6e80000)
  object space 406528K, 99% used [0x0000000784c00000,0x000000079d888588,0x000000079d900000)
 PSPermGen       total 21504K, used 3265K [0x000000077a600000, 0x000000077bb00000, 0x0000000784c00000)
  object space 21504K, 15% used [0x000000077a600000,0x000000077a9304c0,0x000000077bb00000)
GC Heap History (10 events):
Event: 3.927 GC heap after
Heap after GC invocations=6 (full 2):
 PSYoungGen      total 113664K, used 0K [0x00000007d6e80000, 0x00000007df680000, 0x0000000800000000)
  eden space 108544K, 0% used [0x00000007d6e80000,0x00000007d6e80000,0x00000007dd880000)
  from space 5120K, 0% used [0x00000007df180000,0x00000007df180000,0x00000007df680000)
  to   space 5120K, 0% used [0x00000007dec80000,0x00000007dec80000,0x00000007df180000)
 ParOldGen       total 272384K, used 147450K [0x0000000784c00000, 0x0000000795600000, 0x00000007d6e80000)
  object space 272384K, 54% used [0x0000000784c00000,0x000000078dbfea88,0x0000000795600000)
 PSPermGen       total 21504K, used 3245K [0x000000077a600000, 0x000000077bb00000, 0x0000000784c00000)
  object space 21504K, 15% used [0x000000077a600000,0x000000077a92b748,0x000000077bb00000)
}
Event: 4.226 GC heap before
{Heap before GC invocations=7 (full 2):
 PSYoungGen      total 113664K, used 108544K [0x00000007d6e80000, 0x00000007df680000, 0x0000000800000000)
  eden space 108544K, 100% used [0x00000007d6e80000,0x00000007dd880000,0x00000007dd880000)
  from space 5120K, 0% used [0x00000007df180000,0x00000007df180000,0x00000007df680000)
  to   space 5120K, 0% used [0x00000007dec80000,0x00000007dec80000,0x00000007df180000)
 ParOldGen       total 272384K, used 147450K [0x0000000784c00000, 0x0000000795600000, 0x00000007d6e80000)
  object space 272384K, 54% used [0x0000000784c00000,0x000000078dbfea88,0x0000000795600000)
 PSPermGen       total 21504K, used 3259K [0x000000077a600000, 0x000000077bb00000, 0x0000000784c00000)
  object space 21504K, 15% used [0x000000077a600000,0x000000077a92ef88,0x000000077bb00000)
Event: 4.670 GC heap after
Heap after GC invocations=7 (full 2):
 PSYoungGen      total 134144K, used 5120K [0x00000007d6e80000, 0x00000007ec600000, 0x0000000800000000)
  eden space 129024K, 0% used [0x00000007d6e80000,0x00000007d6e80000,0x00000007dec80000)
  from space 5120K, 100% used [0x00000007dec80000,0x00000007df180000,0x00000007df180000)
  to   space 94208K, 0% used [0x00000007e6a00000,0x00000007e6a00000,0x00000007ec600000)
 ParOldGen       total 272384K, used 227202K [0x0000000784c00000, 0x0000000795600000, 0x00000007d6e80000)
  object space 272384K, 83% used [0x0000000784c00000,0x00000007929e0a88,0x0000000795600000)
 PSPermGen       total 21504K, used 3259K [0x000000077a600000, 0x000000077bb00000, 0x0000000784c00000)
  object space 21504K, 15% used [0x000000077a600000,0x000000077a92ef88,0x000000077bb00000)
}
Event: 4.670 GC heap before
{Heap before GC invocations=8 (full 3):
 PSYoungGen      total 134144K, used 5120K [0x00000007d6e80000, 0x00000007ec600000, 0x0000000800000000)
  eden space 129024K, 0% used [0x00000007d6e80000,0x00000007d6e80000,0x00000007dec80000)
  from space 5120K, 100% used [0x00000007dec80000,0x00000007df180000,0x00000007df180000)
  to   space 94208K, 0% used [0x00000007e6a00000,0x00000007e6a00000,0x00000007ec600000)
 ParOldGen       total 272384K, used 227202K [0x0000000784c00000, 0x0000000795600000, 0x00000007d6e80000)
  object space 272384K, 83% used [0x0000000784c00000,0x00000007929e0a88,0x0000000795600000)
 PSPermGen       total 21504K, used 3259K [0x000000077a600000, 0x000000077bb00000, 0x0000000784c00000)
  object space 21504K, 15% used [0x000000077a600000,0x000000077a92ef88,0x000000077bb00000)
Event: 6.030 GC heap after
Heap after GC invocations=8 (full 3):
 PSYoungGen      total 134144K, used 0K [0x00000007d6e80000, 0x00000007ec600000, 0x0000000800000000)
  eden space 129024K, 0% used [0x00000007d6e80000,0x00000007d6e80000,0x00000007dec80000)
  from space 5120K, 0% used [0x00000007dec80000,0x00000007dec80000,0x00000007df180000)
  to   space 94208K, 0% used [0x00000007e6a00000,0x00000007e6a00000,0x00000007ec600000)
 ParOldGen       total 406528K, used 231749K [0x0000000784c00000, 0x000000079d900000, 0x00000007d6e80000)
  object space 406528K, 57% used [0x0000000784c00000,0x0000000792e516b8,0x000000079d900000)
 PSPermGen       total 21504K, used 3259K [0x000000077a600000, 0x000000077bb00000, 0x0000000784c00000)
  object space 21504K, 15% used [0x000000077a600000,0x000000077a92ef88,0x000000077bb00000)
}
Event: 8.692 GC heap before
{Heap before GC invocations=9 (full 3):
 PSYoungGen      total 134144K, used 129024K [0x00000007d6e80000, 0x00000007ec600000, 0x0000000800000000)
  eden space 129024K, 100% used [0x00000007d6e80000,0x00000007dec80000,0x00000007dec80000)
  from space 5120K, 0% used [0x00000007dec80000,0x00000007dec80000,0x00000007df180000)
  to   space 94208K, 0% used [0x00000007e6a00000,0x00000007e6a00000,0x00000007ec600000)
 ParOldGen       total 406528K, used 231749K [0x0000000784c00000, 0x000000079d900000, 0x00000007d6e80000)
  object space 406528K, 57% used [0x0000000784c00000,0x0000000792e516b8,0x000000079d900000)
 PSPermGen       total 21504K, used 3265K [0x000000077a600000, 0x000000077bb00000, 0x0000000784c00000)
  object space 21504K, 15% used [0x000000077a600000,0x000000077a9304c0,0x000000077bb00000)
Event: 17.715 GC heap after
Heap after GC invocations=9 (full 3):
 PSYoungGen      total 228864K, used 94208K [0x00000007d6e80000, 0x00000007f1f80000, 0x0000000800000000)
  eden space 134656K, 0% used [0x00000007d6e80000,0x00000007d6e80000,0x00000007df200000)
  from space 94208K, 100% used [0x00000007e6a00000,0x00000007ec600000,0x00000007ec600000)
  to   space 122880K, 0% used [0x00000007df200000,0x00000007df200000,0x00000007e6a00000)
 ParOldGen       total 406528K, used 244517K [0x0000000784c00000, 0x000000079d900000, 0x00000007d6e80000)
  object space 406528K, 60% used [0x0000000784c00000,0x0000000793ac96b8,0x000000079d900000)
 PSPermGen       total 21504K, used 3265K [0x000000077a600000, 0x000000077bb00000, 0x0000000784c00000)
  object space 21504K, 15% used [0x000000077a600000,0x000000077a9304c0,0x000000077bb00000)
}
Event: 17.829 GC heap before
{Heap before GC invocations=10 (full 3):
 PSYoungGen      total 228864K, used 228864K [0x00000007d6e80000, 0x00000007f1f80000, 0x0000000800000000)
  eden space 134656K, 100% used [0x00000007d6e80000,0x00000007df200000,0x00000007df200000)
  from space 94208K, 100% used [0x00000007e6a00000,0x00000007ec600000,0x00000007ec600000)
  to   space 122880K, 0% used [0x00000007df200000,0x00000007df200000,0x00000007e6a00000)
 ParOldGen       total 406528K, used 244517K [0x0000000784c00000, 0x000000079d900000, 0x00000007d6e80000)
  object space 406528K, 60% used [0x0000000784c00000,0x0000000793ac96b8,0x000000079d900000)
 PSPermGen       total 21504K, used 3265K [0x000000077a600000, 0x000000077bb00000, 0x0000000784c00000)
  object space 21504K, 15% used [0x000000077a600000,0x000000077a9304c0,0x000000077bb00000)
Event: 70.110 GC heap after
Heap after GC invocations=10 (full 3):
 PSYoungGen      total 257536K, used 122880K [0x00000007d6e80000, 0x00000007fc600000, 0x0000000800000000)
  eden space 134656K, 0% used [0x00000007d6e80000,0x00000007d6e80000,0x00000007df200000)
  from space 122880K, 100% used [0x00000007df200000,0x00000007e6a00000,0x00000007e6a00000)
  to   space 196096K, 0% used [0x00000007f0680000,0x00000007f0680000,0x00000007fc600000)
 ParOldGen       total 406528K, used 339653K [0x0000000784c00000, 0x000000079d900000, 0x00000007d6e80000)
  object space 406528K, 83% used [0x0000000784c00000,0x00000007997b16b8,0x000000079d900000)
 PSPermGen       total 21504K, used 3265K [0x000000077a600000, 0x000000077bb00000, 0x0000000784c00000)
  object space 21504K, 15% used [0x000000077a600000,0x000000077a9304c0,0x000000077bb00000)
}
Event: 70.110 GC heap before
{Heap before GC invocations=11 (full 4):
 PSYoungGen      total 257536K, used 122880K [0x00000007d6e80000, 0x00000007fc600000, 0x0000000800000000)
  eden space 134656K, 0% used [0x00000007d6e80000,0x00000007d6e80000,0x00000007df200000)
  from space 122880K, 100% used [0x00000007df200000,0x00000007e6a00000,0x00000007e6a00000)
  to   space 196096K, 0% used [0x00000007f0680000,0x00000007f0680000,0x00000007fc600000)
 ParOldGen       total 406528K, used 339653K [0x0000000784c00000, 0x000000079d900000, 0x00000007d6e80000)
  object space 406528K, 83% used [0x0000000784c00000,0x00000007997b16b8,0x000000079d900000)
 PSPermGen       total 21504K, used 3265K [0x000000077a600000, 0x000000077bb00000, 0x0000000784c00000)
  object space 21504K, 15% used [0x000000077a600000,0x000000077a9304c0,0x000000077bb00000)

